kotlin version: 2.0.0-RC1
error message: java.lang.IllegalArgumentException: No container found for type parameter 'Custom' of 'FUN GENERATED[org.jetbrains.kotlinx.jspo.compiler.resolve.JsPlainObjectsPluginKey] name:invoke visibility:public modality:FINAL <Custom> ($this:<root>.Pubnub.v2ObjectData.Companion, updated:kotlin.String, id:kotlin.String, custom:Custom of <root>.invoke?, eTag:kotlin.String) returnType:<root>.Pubnub.v2ObjectData<Custom of <root>.invoke> [inline,operator]'
	at org.jetbrains.kotlin.backend.common.serialization.mangle.BaseKotlinMangleComputer.mangleTypeParameterReference(BaseKotlinMangleComputer.kt:226)
	at org.jetbrains.kotlin.backend.common.serialization.mangle.ir.IrMangleComputer.mangleType(IrMangleComputer.kt:118)
	at org.jetbrains.kotlin.backend.common.serialization.mangle.ir.IrMangleComputer.mangleType(IrMangleComputer.kt:23)
	at org.jetbrains.kotlin.backend.common.serialization.mangle.BaseKotlinMangleComputer.mangleValueParameter(BaseKotlinMangleComputer.kt:256)
	at org.jetbrains.kotlin.backend.common.serialization.mangle.BaseKotlinMangleComputer.mangleSignature$lambda$4(BaseKotlinMangleComputer.kt:187)
	at org.jetbrains.kotlin.backend.common.serialization.mangle.MangleUtilsKt.collectForMangler(mangleUtils.kt:25)
	at org.jetbrains.kotlin.backend.common.serialization.mangle.BaseKotlinMangleComputer.mangleSignature(BaseKotlinMangleComputer.kt:182)
	at org.jetbrains.kotlin.backend.common.serialization.mangle.BaseKotlinMangleComputer.mangleFunction(BaseKotlinMangleComputer.kt:155)
	at org.jetbrains.kotlin.backend.common.serialization.mangle.ir.IrMangleComputer.access$mangleFunction(IrMangleComputer.kt:23)
	at org.jetbrains.kotlin.backend.common.serialization.mangle.ir.IrMangleComputer$Visitor.visitSimpleFunction(IrMangleComputer.kt:247)
	at org.jetbrains.kotlin.ir.visitors.IrElementVisitorVoid$DefaultImpls.visitSimpleFunction(IrElementVisitorVoid.kt:140)
	at org.jetbrains.kotlin.backend.common.serialization.mangle.ir.IrMangleComputer$Visitor.visitSimpleFunction(IrMangleComputer.kt:135)
	at org.jetbrains.kotlin.backend.common.serialization.mangle.ir.IrMangleComputer$Visitor.visitSimpleFunction(IrMangleComputer.kt:135)
	at org.jetbrains.kotlin.ir.declarations.IrSimpleFunction.accept(IrSimpleFunction.kt:36)
	at org.jetbrains.kotlin.ir.visitors.IrVisitorsKt.acceptVoid(IrVisitors.kt:11)
	at org.jetbrains.kotlin.backend.common.serialization.mangle.ir.IrMangleComputer.visit(IrMangleComputer.kt:50)
	at org.jetbrains.kotlin.backend.common.serialization.mangle.ir.IrMangleComputer.visit(IrMangleComputer.kt:23)
	at org.jetbrains.kotlin.backend.common.serialization.mangle.BaseKotlinMangleComputer.computeMangle(BaseKotlinMangleComputer.kt:97)
	at org.jetbrains.kotlin.backend.common.serialization.mangle.ir.IrBasedKotlinManglerImpl.signatureString(IrBasedKotlinManglerImpl.kt:18)
	at org.jetbrains.kotlin.backend.common.serialization.mangle.ir.IrBasedKotlinManglerImpl.signatureString(IrBasedKotlinManglerImpl.kt:14)
	at org.jetbrains.kotlin.backend.common.serialization.signature.IdSignatureBuilder.setHashIdAndDescriptionFor(IdSignatureBuilder.kt:70)
	at org.jetbrains.kotlin.backend.common.serialization.signature.PublicIdSignatureComputer$PublicIdSigBuilder.visitSimpleFunction(IdSignatureFactory.kt:113)
	at org.jetbrains.kotlin.ir.visitors.IrElementVisitorVoid$DefaultImpls.visitSimpleFunction(IrElementVisitorVoid.kt:140)
	at org.jetbrains.kotlin.backend.common.serialization.signature.PublicIdSignatureComputer$PublicIdSigBuilder.visitSimpleFunction(IdSignatureFactory.kt:59)
	at org.jetbrains.kotlin.backend.common.serialization.signature.PublicIdSignatureComputer$PublicIdSigBuilder.visitSimpleFunction(IdSignatureFactory.kt:59)
	at org.jetbrains.kotlin.ir.declarations.IrSimpleFunction.accept(IrSimpleFunction.kt:36)
	at org.jetbrains.kotlin.ir.visitors.IrVisitorsKt.acceptVoid(IrVisitors.kt:11)
	at org.jetbrains.kotlin.backend.common.serialization.signature.PublicIdSignatureComputer$PublicIdSigBuilder.accept(IdSignatureFactory.kt:69)
	at org.jetbrains.kotlin.backend.common.serialization.signature.PublicIdSignatureComputer$PublicIdSigBuilder.accept(IdSignatureFactory.kt:59)
	at org.jetbrains.kotlin.backend.common.serialization.signature.IdSignatureBuilder.buildSignature(IdSignatureBuilder.kt:183)
	at org.jetbrains.kotlin.backend.common.serialization.signature.PublicIdSignatureComputer.composePublicIdSignature(IdSignatureFactory.kt:32)
	at org.jetbrains.kotlin.backend.common.serialization.GlobalDeclarationTable.computeSignatureByDeclaration(DeclarationTable.kt:38)
	at org.jetbrains.kotlin.backend.common.serialization.DeclarationTable.signatureByDeclaration(DeclarationTable.kt:81)
	at org.jetbrains.kotlin.backend.common.serialization.IrFileSerializer.protoIdSignature(IrFileSerializer.kt:209)
	at org.jetbrains.kotlin.backend.common.serialization.IrFileSerializer.serializeIrSymbol(IrFileSerializer.kt:265)
	at org.jetbrains.kotlin.backend.common.serialization.IrFileSerializer.serializeIrDeclarationBase(IrFileSerializer.kt:1014)
	at org.jetbrains.kotlin.backend.common.serialization.IrFileSerializer.serializeIrFunctionBase(IrFileSerializer.kt:1056)
	at org.jetbrains.kotlin.backend.common.serialization.IrFileSerializer.serializeIrFunction(IrFileSerializer.kt:1093)
	at org.jetbrains.kotlin.backend.common.serialization.IrFileSerializer.serializeIrProperty(IrFileSerializer.kt:1130)
	at org.jetbrains.kotlin.backend.common.serialization.IrFileSerializer.serializeDeclaration(IrFileSerializer.kt:1267)
	at org.jetbrains.kotlin.backend.common.serialization.IrFileSerializer.serializeIrClass(IrFileSerializer.kt:1178)
	at org.jetbrains.kotlin.backend.common.serialization.IrFileSerializer.serializeDeclaration(IrFileSerializer.kt:1263)
	at org.jetbrains.kotlin.backend.common.serialization.IrFileSerializer.serializeIrClass(IrFileSerializer.kt:1178)
	at org.jetbrains.kotlin.backend.common.serialization.IrFileSerializer.serializeDeclaration(IrFileSerializer.kt:1263)
	at org.jetbrains.kotlin.backend.common.serialization.IrFileSerializer.serializeIrFile$lambda$94(IrFileSerializer.kt:1369)
	at org.jetbrains.kotlin.backend.common.serialization.signature.PublicIdSignatureComputer.inFile(IdSignatureFactory.kt:40)
	at org.jetbrains.kotlin.backend.common.serialization.signature.IdSignatureFactory.inFile(IdSignatureFactory.kt:211)
	at org.jetbrains.kotlin.backend.common.serialization.DeclarationTable.inFile(DeclarationTable.kt:56)
	at org.jetbrains.kotlin.backend.common.serialization.IrFileSerializer.serializeIrFile(IrFileSerializer.kt:1351)
	at org.jetbrains.kotlin.backend.common.serialization.IrModuleSerializer.serializeIrFile(IrModuleSerializer.kt:37)
	at org.jetbrains.kotlin.backend.common.serialization.IrModuleSerializer.serializedIrModule(IrModuleSerializer.kt:44)
	at org.jetbrains.kotlin.backend.common.serialization.SerializeModuleIntoKlibKt.serializeModuleIntoKlib(serializeModuleIntoKlib.kt:142)
	at org.jetbrains.kotlin.ir.backend.js.KlibKt.serializeModuleIntoKlib(klib.kt:627)
	at org.jetbrains.kotlin.cli.js.klib.CompilerPipelineKt.serializeFirKlib(compilerPipeline.kt:280)
	at org.jetbrains.kotlin.cli.js.K2JsIrCompiler.processSourceModuleWithK2(K2JsIrCompiler.kt:604)
	at org.jetbrains.kotlin.cli.js.K2JsIrCompiler.doExecute(K2JsIrCompiler.kt:311)
	at org.jetbrains.kotlin.cli.js.K2JSCompiler.doExecute(K2JSCompiler.java:109)
	at org.jetbrains.kotlin.cli.js.K2JSCompiler.doExecute(K2JSCompiler.java:72)
	at org.jetbrains.kotlin.cli.common.CLICompiler.execImpl(CLICompiler.kt:104)
	at org.jetbrains.kotlin.cli.common.CLICompiler.execImpl(CLICompiler.kt:48)
	at org.jetbrains.kotlin.cli.common.CLITool.exec(CLITool.kt:101)
	at org.jetbrains.kotlin.incremental.IncrementalJsCompilerRunner.runCompiler(IncrementalJsCompilerRunner.kt:211)
	at org.jetbrains.kotlin.incremental.IncrementalJsCompilerRunner.runCompiler(IncrementalJsCompilerRunner.kt:86)
	at org.jetbrains.kotlin.incremental.IncrementalCompilerRunner.doCompile(IncrementalCompilerRunner.kt:506)
	at org.jetbrains.kotlin.incremental.IncrementalCompilerRunner.compileImpl(IncrementalCompilerRunner.kt:423)
	at org.jetbrains.kotlin.incremental.IncrementalCompilerRunner.compileNonIncrementally(IncrementalCompilerRunner.kt:301)
	at org.jetbrains.kotlin.incremental.IncrementalCompilerRunner.compile(IncrementalCompilerRunner.kt:129)
	at org.jetbrains.kotlin.incremental.IncrementalCompilerRunner.compile$default(IncrementalCompilerRunner.kt:113)
	at org.jetbrains.kotlin.daemon.CompileServiceImplBase.execJsIncrementalCompiler(CompileServiceImpl.kt:609)
	at org.jetbrains.kotlin.daemon.CompileServiceImplBase.access$execJsIncrementalCompiler(CompileServiceImpl.kt:92)
	at org.jetbrains.kotlin.daemon.CompileServiceImpl.compile(CompileServiceImpl.kt:1759)
	at java.base/jdk.internal.reflect.NativeMethodAccessorImpl.invoke0(Native Method)
	at java.base/jdk.internal.reflect.NativeMethodAccessorImpl.invoke(Unknown Source)
	at java.base/jdk.internal.reflect.DelegatingMethodAccessorImpl.invoke(Unknown Source)
	at java.base/java.lang.reflect.Method.invoke(Unknown Source)
	at java.rmi/sun.rmi.server.UnicastServerRef.dispatch(Unknown Source)
	at java.rmi/sun.rmi.transport.Transport$1.run(Unknown Source)
	at java.rmi/sun.rmi.transport.Transport$1.run(Unknown Source)
	at java.base/java.security.AccessController.doPrivileged(Unknown Source)
	at java.rmi/sun.rmi.transport.Transport.serviceCall(Unknown Source)
	at java.rmi/sun.rmi.transport.tcp.TCPTransport.handleMessages(Unknown Source)
	at java.rmi/sun.rmi.transport.tcp.TCPTransport$ConnectionHandler.run0(Unknown Source)
	at java.rmi/sun.rmi.transport.tcp.TCPTransport$ConnectionHandler.lambda$run$0(Unknown Source)
	at java.base/java.security.AccessController.doPrivileged(Unknown Source)
	at java.rmi/sun.rmi.transport.tcp.TCPTransport$ConnectionHandler.run(Unknown Source)
	at java.base/java.util.concurrent.ThreadPoolExecutor.runWorker(Unknown Source)
	at java.base/java.util.concurrent.ThreadPoolExecutor$Worker.run(Unknown Source)
	at java.base/java.lang.Thread.run(Unknown Source)


