kotlin version: 2.0.0-RC1
error message: java.lang.NullPointerException
	at org.jetbrains.kotlin.ir.backend.js.export.ExportModelGenerator.exportClass(ExportModelGenerator.kt:471)
	at org.jetbrains.kotlin.ir.backend.js.export.ExportModelGenerator.exportOrdinaryClass(ExportModelGenerator.kt:269)
	at org.jetbrains.kotlin.ir.backend.js.export.ExportModelGenerator.exportClass(ExportModelGenerator.kt:77)
	at org.jetbrains.kotlin.ir.backend.js.export.ExportModelGenerator.exportClassDeclarations(ExportModelGenerator.kt:348)
	at org.jetbrains.kotlin.ir.backend.js.export.ExportModelGenerator.exportClassDeclarations$default(ExportModelGenerator.kt:312)
	at org.jetbrains.kotlin.ir.backend.js.export.ExportModelGenerator.exportOrdinaryClass(ExportModelGenerator.kt:267)
	at org.jetbrains.kotlin.ir.backend.js.export.ExportModelGenerator.exportClass(ExportModelGenerator.kt:77)
	at org.jetbrains.kotlin.ir.backend.js.export.ExportModelGenerator.exportClassDeclarations(ExportModelGenerator.kt:348)
	at org.jetbrains.kotlin.ir.backend.js.export.ExportModelGenerator.exportClassDeclarations$default(ExportModelGenerator.kt:312)
	at org.jetbrains.kotlin.ir.backend.js.export.ExportModelGenerator.exportOrdinaryClass(ExportModelGenerator.kt:267)
	at org.jetbrains.kotlin.ir.backend.js.export.ExportModelGenerator.exportClass(ExportModelGenerator.kt:77)
	at org.jetbrains.kotlin.ir.backend.js.export.ExportModelGenerator.exportDeclaration(ExportModelGenerator.kt:65)
	at org.jetbrains.kotlin.ir.backend.js.export.ExportModelGenerator.generateExport(ExportModelGenerator.kt:39)
	at org.jetbrains.kotlin.ir.backend.js.transformers.irToJs.IrModuleToJsTransformer.generateExportWithExternals(IrModuleToJsTransformer.kt:250)
	at org.jetbrains.kotlin.ir.backend.js.transformers.irToJs.IrModuleToJsTransformer.makeIrFragmentsGenerators(IrModuleToJsTransformer.kt:239)
	at org.jetbrains.kotlin.ir.backend.js.JsIrCompilerWithIC.compile(compilerWithIC.kt:66)
	at org.jetbrains.kotlin.ir.backend.js.ic.CacheUpdater.compileDirtyFiles(CacheUpdater.kt:672)
	at org.jetbrains.kotlin.ir.backend.js.ic.CacheUpdater.loadIrAndMakeIrFragmentGenerators(CacheUpdater.kt:772)
	at org.jetbrains.kotlin.ir.backend.js.ic.CacheUpdater.actualizeCaches(CacheUpdater.kt:804)
	at org.jetbrains.kotlin.cli.js.K2JsIrCompiler.prepareIcCaches(K2JsIrCompiler.kt:673)
	at org.jetbrains.kotlin.cli.js.K2JsIrCompiler.doExecute(K2JsIrCompiler.kt:293)
	at org.jetbrains.kotlin.cli.js.K2JSCompiler.doExecute(K2JSCompiler.java:109)
	at org.jetbrains.kotlin.cli.js.K2JSCompiler.doExecute(K2JSCompiler.java:72)
	at org.jetbrains.kotlin.cli.common.CLICompiler.execImpl(CLICompiler.kt:104)
	at org.jetbrains.kotlin.cli.common.CLICompiler.execImpl(CLICompiler.kt:48)
	at org.jetbrains.kotlin.cli.common.CLITool.exec(CLITool.kt:101)
	at org.jetbrains.kotlin.daemon.CompileServiceImpl.compile(CompileServiceImpl.kt:1556)
	at jdk.internal.reflect.GeneratedMethodAccessor12.invoke(Unknown Source)
	at java.base/jdk.internal.reflect.DelegatingMethodAccessorImpl.invoke(Unknown Source)
	at java.base/java.lang.reflect.Method.invoke(Unknown Source)
	at java.rmi/sun.rmi.server.UnicastServerRef.dispatch(Unknown Source)
	at java.rmi/sun.rmi.transport.Transport$1.run(Unknown Source)
	at java.rmi/sun.rmi.transport.Transport$1.run(Unknown Source)
	at java.base/java.security.AccessController.doPrivileged(Unknown Source)
	at java.rmi/sun.rmi.transport.Transport.serviceCall(Unknown Source)
	at java.rmi/sun.rmi.transport.tcp.TCPTransport.handleMessages(Unknown Source)
	at java.rmi/sun.rmi.transport.tcp.TCPTransport$ConnectionHandler.run0(Unknown Source)
	at java.rmi/sun.rmi.transport.tcp.TCPTransport$ConnectionHandler.lambda$run$0(Unknown Source)
	at java.base/java.security.AccessController.doPrivileged(Unknown Source)
	at java.rmi/sun.rmi.transport.tcp.TCPTransport$ConnectionHandler.run(Unknown Source)
	at java.base/java.util.concurrent.ThreadPoolExecutor.runWorker(Unknown Source)
	at java.base/java.util.concurrent.ThreadPoolExecutor$Worker.run(Unknown Source)
	at java.base/java.lang.Thread.run(Unknown Source)


